{"numFailedTestSuites":0,"numFailedTests":0,"numPassedTestSuites":6,"numPassedTests":9,"numPendingTestSuites":0,"numPendingTests":0,"numRuntimeErrorTestSuites":0,"numTodoTests":0,"numTotalTestSuites":6,"numTotalTests":9,"openHandles":[],"snapshot":{"added":0,"didUpdate":false,"failure":false,"filesAdded":0,"filesRemoved":0,"filesRemovedList":[],"filesUnmatched":0,"filesUpdated":0,"matched":0,"total":0,"unchecked":0,"uncheckedKeysByFile":[],"unmatched":0,"updated":0},"startTime":1762134560574,"success":true,"testResults":[{"assertionResults":[{"ancestorTitles":["Auth flow"],"duration":113,"failureDetails":[],"failureMessages":[],"fullName":"Auth flow should signup and return token","invocations":1,"location":null,"numPassingAsserts":3,"retryReasons":[],"status":"passed","title":"should signup and return token"},{"ancestorTitles":["Auth flow"],"duration":9,"failureDetails":[],"failureMessages":[],"fullName":"Auth flow should not signup with duplicate email","invocations":1,"location":null,"numPassingAsserts":1,"retryReasons":[],"status":"passed","title":"should not signup with duplicate email"},{"ancestorTitles":["Auth flow"],"duration":88,"failureDetails":[],"failureMessages":[],"fullName":"Auth flow should login and access protected route /me","invocations":1,"location":null,"numPassingAsserts":3,"retryReasons":[],"status":"passed","title":"should login and access protected route /me"}],"endTime":1762134562091,"message":"","name":"C:\\Users\\jpnak\\Documents\\JP\\pessoal\\faculdade\\Projeto Integrador Transdisciplinar em Engenharia de Software\\2025-02\\pit_engsoftware_ii\\tests\\integration\\auth.test.js","startTime":1762134560608,"status":"passed","summary":""},{"assertionResults":[{"ancestorTitles":["Order full flow (checkout → pay → advance → review)"],"duration":100,"failureDetails":[],"failureMessages":[],"fullName":"Order full flow (checkout → pay → advance → review) should run the whole flow","invocations":1,"location":null,"numPassingAsserts":17,"retryReasons":[],"status":"passed","title":"should run the whole flow"}],"endTime":1762134562460,"message":"","name":"C:\\Users\\jpnak\\Documents\\JP\\pessoal\\faculdade\\Projeto Integrador Transdisciplinar em Engenharia de Software\\2025-02\\pit_engsoftware_ii\\tests\\integration\\order_flow.test.js","startTime":1762134562095,"status":"passed","summary":""},{"assertionResults":[{"ancestorTitles":["Cart + Checkout PIX flow"],"duration":23,"failureDetails":[],"failureMessages":[],"fullName":"Cart + Checkout PIX flow should add item to cart and checkout pix","invocations":1,"location":null,"numPassingAsserts":9,"retryReasons":[],"status":"passed","title":"should add item to cart and checkout pix"}],"endTime":1762134562728,"message":"","name":"C:\\Users\\jpnak\\Documents\\JP\\pessoal\\faculdade\\Projeto Integrador Transdisciplinar em Engenharia de Software\\2025-02\\pit_engsoftware_ii\\tests\\integration\\cart_checkout.test.js","startTime":1762134562463,"status":"passed","summary":""},{"assertionResults":[{"ancestorTitles":["Loyalty summary"],"duration":13,"failureDetails":[],"failureMessages":[],"fullName":"Loyalty summary should return total points and entries","invocations":1,"location":null,"numPassingAsserts":3,"retryReasons":[],"status":"passed","title":"should return total points and entries"}],"endTime":1762134563062,"message":"","name":"C:\\Users\\jpnak\\Documents\\JP\\pessoal\\faculdade\\Projeto Integrador Transdisciplinar em Engenharia de Software\\2025-02\\pit_engsoftware_ii\\tests\\integration\\loyalty.test.js","startTime":1762134562731,"status":"passed","summary":""},{"assertionResults":[{"ancestorTitles":["GET /products"],"duration":8,"failureDetails":[],"failureMessages":[],"fullName":"GET /products should list products with pagination","invocations":1,"location":null,"numPassingAsserts":6,"retryReasons":[],"status":"passed","title":"should list products with pagination"},{"ancestorTitles":["GET /products"],"duration":8,"failureDetails":[],"failureMessages":[],"fullName":"GET /products should filter cupcake of the month when only_month=true","invocations":1,"location":null,"numPassingAsserts":4,"retryReasons":[],"status":"passed","title":"should filter cupcake of the month when only_month=true"}],"endTime":1762134563327,"message":"","name":"C:\\Users\\jpnak\\Documents\\JP\\pessoal\\faculdade\\Projeto Integrador Transdisciplinar em Engenharia de Software\\2025-02\\pit_engsoftware_ii\\tests\\integration\\products.test.js","startTime":1762134563066,"status":"passed","summary":""},{"assertionResults":[{"ancestorTitles":["GET /health"],"duration":8,"failureDetails":[],"failureMessages":[],"fullName":"GET /health should return ok","invocations":1,"location":null,"numPassingAsserts":2,"retryReasons":[],"status":"passed","title":"should return ok"}],"endTime":1762134563511,"message":"","name":"C:\\Users\\jpnak\\Documents\\JP\\pessoal\\faculdade\\Projeto Integrador Transdisciplinar em Engenharia de Software\\2025-02\\pit_engsoftware_ii\\tests\\integration\\health.test.js","startTime":1762134563329,"status":"passed","summary":""}],"wasInterrupted":false}
